{"sessionId":"aaaf27","runId":"run1","hypothesisId":"H2","location":"AttendanceService.java:getWorkedHoursForMonth","message":"Monthly attendance aggregation result","data":{"employeeId":"10035","inputMonth":"March","inspectedRows":0,"matchedMonthRows":0,"totalMinutes":0},"timestamp":1774343464013}
{"sessionId":"aaaf27","runId":"run1","hypothesisId":"H1","location":"PayrollProcessor.java:processPayroll","message":"Payroll month/hourly inputs","data":{"employeeId":"10035","month":"March","hourlyRate":0.0,"workedHours":0.0},"timestamp":1774343464017}
{"sessionId":"aaaf27","runId":"run1","hypothesisId":"H2","location":"AttendanceService.java:getWorkedHoursForMonth","message":"Monthly attendance aggregation result","data":{"employeeId":"10036","inputMonth":"March","inspectedRows":0,"matchedMonthRows":0,"totalMinutes":0},"timestamp":1774343464021}
{"sessionId":"aaaf27","runId":"run1","hypothesisId":"H1","location":"PayrollProcessor.java:processPayroll","message":"Payroll month/hourly inputs","data":{"employeeId":"10036","month":"March","hourlyRate":0.0,"workedHours":0.0},"timestamp":1774343464025}
{"sessionId":"aaaf27","runId":"run1","hypothesisId":"H2","location":"AttendanceService.java:getWorkedHoursForMonth","message":"Monthly attendance aggregation result","data":{"employeeId":"10037","inputMonth":"March","inspectedRows":0,"matchedMonthRows":0,"totalMinutes":0},"timestamp":1774343464026}
{"sessionId":"aaaf27","runId":"run1","hypothesisId":"H1","location":"PayrollProcessor.java:processPayroll","message":"Payroll month/hourly inputs","data":{"employeeId":"10037","month":"March","hourlyRate":0.0,"workedHours":0.0},"timestamp":1774343464026}
{"sessionId":"aaaf27","runId":"run1","hypothesisId":"H2","location":"AttendanceService.java:getWorkedHoursForMonth","message":"Monthly attendance aggregation result","data":{"employeeId":"10038","inputMonth":"March","inspectedRows":0,"matchedMonthRows":0,"totalMinutes":0},"timestamp":1774343464027}
{"sessionId":"aaaf27","runId":"run1","hypothesisId":"H1","location":"PayrollProcessor.java:processPayroll","message":"Payroll month/hourly inputs","data":{"employeeId":"10038","month":"March","hourlyRate":0.0,"workedHours":0.0},"timestamp":1774343464028}
{"sessionId":"aaaf27","runId":"run1","hypothesisId":"H2","location":"AttendanceService.java:getWorkedHoursForMonth","message":"Monthly attendance aggregation result","data":{"employeeId":"10001","inputMonth":"March","inspectedRows":152,"matchedMonthRows":0,"totalMinutes":0},"timestamp":1774343464033}
{"sessionId":"aaaf27","runId":"run1","hypothesisId":"H1","location":"PayrollProcessor.java:processPayroll","message":"Payroll month/hourly inputs","data":{"employeeId":"10001","month":"March","hourlyRate":535.71,"workedHours":0.0},"timestamp":1774343464033}
{"sessionId":"aaaf27","runId":"run1","hypothesisId":"H2","location":"AttendanceService.java:getWorkedHoursForMonth","message":"Monthly attendance aggregation result","data":{"employeeId":"10002","inputMonth":"March","inspectedRows":152,"matchedMonthRows":0,"totalMinutes":0},"timestamp":1774343464037}
{"sessionId":"aaaf27","runId":"run1","hypothesisId":"H1","location":"PayrollProcessor.java:processPayroll","message":"Payroll month/hourly inputs","data":{"employeeId":"10002","month":"March","hourlyRate":357.14,"workedHours":0.0},"timestamp":1774343464038}
{"sessionId":"aaaf27","runId":"run1","hypothesisId":"H2","location":"AttendanceService.java:getWorkedHoursForMonth","message":"Monthly attendance aggregation result","data":{"employeeId":"10003","inputMonth":"March","inspectedRows":152,"matchedMonthRows":0,"totalMinutes":0},"timestamp":1774343464040}
{"sessionId":"aaaf27","runId":"run1","hypothesisId":"H1","location":"PayrollProcessor.java:processPayroll","message":"Payroll month/hourly inputs","data":{"employeeId":"10003","month":"March","hourlyRate":357.14,"workedHours":0.0},"timestamp":1774343464041}
{"sessionId":"aaaf27","runId":"run1","hypothesisId":"H2","location":"AttendanceService.java:getWorkedHoursForMonth","message":"Monthly attendance aggregation result","data":{"employeeId":"10004","inputMonth":"March","inspectedRows":152,"matchedMonthRows":0,"totalMinutes":0},"timestamp":1774343464044}
{"sessionId":"aaaf27","runId":"run1","hypothesisId":"H1","location":"PayrollProcessor.java:processPayroll","message":"Payroll month/hourly inputs","data":{"employeeId":"10004","month":"March","hourlyRate":357.14,"workedHours":0.0},"timestamp":1774343464044}
{"sessionId":"aaaf27","runId":"run1","hypothesisId":"H2","location":"AttendanceService.java:getWorkedHoursForMonth","message":"Monthly attendance aggregation result","data":{"employeeId":"10005","inputMonth":"March","inspectedRows":152,"matchedMonthRows":0,"totalMinutes":0},"timestamp":1774343464046}
{"sessionId":"aaaf27","runId":"run1","hypothesisId":"H1","location":"PayrollProcessor.java:processPayroll","message":"Payroll month/hourly inputs","data":{"employeeId":"10005","month":"March","hourlyRate":313.51,"workedHours":0.0},"timestamp":1774343464046}
{"sessionId":"aaaf27","runId":"run1","hypothesisId":"H2","location":"AttendanceService.java:getWorkedHoursForMonth","message":"Monthly attendance aggregation result","data":{"employeeId":"10006","inputMonth":"March","inspectedRows":152,"matchedMonthRows":0,"totalMinutes":0},"timestamp":1774343464049}
{"sessionId":"aaaf27","runId":"run1","hypothesisId":"H1","location":"PayrollProcessor.java:processPayroll","message":"Payroll month/hourly inputs","data":{"employeeId":"10006","month":"March","hourlyRate":313.51,"workedHours":0.0},"timestamp":1774343464049}
{"sessionId":"aaaf27","runId":"run1","hypothesisId":"H2","location":"AttendanceService.java:getWorkedHoursForMonth","message":"Monthly attendance aggregation result","data":{"employeeId":"10007","inputMonth":"March","inspectedRows":152,"matchedMonthRows":0,"totalMinutes":0},"timestamp":1774343464052}
{"sessionId":"aaaf27","runId":"run1","hypothesisId":"H1","location":"PayrollProcessor.java:processPayroll","message":"Payroll month/hourly inputs","data":{"employeeId":"10007","month":"March","hourlyRate":255.8,"workedHours":0.0},"timestamp":1774343464053}
{"sessionId":"aaaf27","runId":"run1","hypothesisId":"H2","location":"AttendanceService.java:getWorkedHoursForMonth","message":"Monthly attendance aggregation result","data":{"employeeId":"10008","inputMonth":"March","inspectedRows":152,"matchedMonthRows":0,"totalMinutes":0},"timestamp":1774343464055}
{"sessionId":"aaaf27","runId":"run1","hypothesisId":"H1","location":"PayrollProcessor.java:processPayroll","message":"Payroll month/hourly inputs","data":{"employeeId":"10008","month":"March","hourlyRate":133.93,"workedHours":0.0},"timestamp":1774343464055}
{"sessionId":"aaaf27","runId":"run1","hypothesisId":"H2","location":"AttendanceService.java:getWorkedHoursForMonth","message":"Monthly attendance aggregation result","data":{"employeeId":"10009","inputMonth":"March","inspectedRows":152,"matchedMonthRows":0,"totalMinutes":0},"timestamp":1774343464057}
{"sessionId":"aaaf27","runId":"run1","hypothesisId":"H1","location":"PayrollProcessor.java:processPayroll","message":"Payroll month/hourly inputs","data":{"employeeId":"10009","month":"March","hourlyRate":133.93,"workedHours":0.0},"timestamp":1774343464057}
{"sessionId":"aaaf27","runId":"run1","hypothesisId":"H2","location":"AttendanceService.java:getWorkedHoursForMonth","message":"Monthly attendance aggregation result","data":{"employeeId":"10010","inputMonth":"March","inspectedRows":152,"matchedMonthRows":0,"totalMinutes":0},"timestamp":1774343464059}
{"sessionId":"aaaf27","runId":"run1","hypothesisId":"H1","location":"PayrollProcessor.java:processPayroll","message":"Payroll month/hourly inputs","data":{"employeeId":"10010","month":"March","hourlyRate":313.51,"workedHours":0.0},"timestamp":1774343464059}
{"sessionId":"aaaf27","runId":"run1","hypothesisId":"H2","location":"AttendanceService.java:getWorkedHoursForMonth","message":"Monthly attendance aggregation result","data":{"employeeId":"10011","inputMonth":"March","inspectedRows":152,"matchedMonthRows":0,"totalMinutes":0},"timestamp":1774343464061}
{"sessionId":"aaaf27","runId":"run1","hypothesisId":"H1","location":"PayrollProcessor.java:processPayroll","message":"Payroll month/hourly inputs","data":{"employeeId":"10011","month":"March","hourlyRate":302.53,"workedHours":0.0},"timestamp":1774343464062}
{"sessionId":"aaaf27","runId":"run1","hypothesisId":"H2","location":"AttendanceService.java:getWorkedHoursForMonth","message":"Monthly attendance aggregation result","data":{"employeeId":"10012","inputMonth":"March","inspectedRows":152,"matchedMonthRows":0,"totalMinutes":0},"timestamp":1774343464064}
{"sessionId":"aaaf27","runId":"run1","hypothesisId":"H1","location":"PayrollProcessor.java:processPayroll","message":"Payroll month/hourly inputs","data":{"employeeId":"10012","month":"March","hourlyRate":229.02,"workedHours":0.0},"timestamp":1774343464064}
{"sessionId":"aaaf27","runId":"run1","hypothesisId":"H2","location":"AttendanceService.java:getWorkedHoursForMonth","message":"Monthly attendance aggregation result","data":{"employeeId":"10013","inputMonth":"March","inspectedRows":152,"matchedMonthRows":0,"totalMinutes":0},"timestamp":1774343464066}
{"sessionId":"aaaf27","runId":"run1","hypothesisId":"H1","location":"PayrollProcessor.java:processPayroll","message":"Payroll month/hourly inputs","data":{"employeeId":"10013","month":"March","hourlyRate":142.86,"workedHours":0.0},"timestamp":1774343464067}
{"sessionId":"aaaf27","runId":"run1","hypothesisId":"H2","location":"AttendanceService.java:getWorkedHoursForMonth","message":"Monthly attendance aggregation result","data":{"employeeId":"10014","inputMonth":"March","inspectedRows":152,"matchedMonthRows":0,"totalMinutes":0},"timestamp":1774343464068}
{"sessionId":"aaaf27","runId":"run1","hypothesisId":"H1","location":"PayrollProcessor.java:processPayroll","message":"Payroll month/hourly inputs","data":{"employeeId":"10014","month":"March","hourlyRate":142.86,"workedHours":0.0},"timestamp":1774343464069}
{"sessionId":"aaaf27","runId":"run1","hypothesisId":"H2","location":"AttendanceService.java:getWorkedHoursForMonth","message":"Monthly attendance aggregation result","data":{"employeeId":"10015","inputMonth":"March","inspectedRows":152,"matchedMonthRows":0,"totalMinutes":0},"timestamp":1774343464070}
{"sessionId":"aaaf27","runId":"run1","hypothesisId":"H1","location":"PayrollProcessor.java:processPayroll","message":"Payroll month/hourly inputs","data":{"employeeId":"10015","month":"March","hourlyRate":318.45,"workedHours":0.0},"timestamp":1774343464071}
{"sessionId":"aaaf27","runId":"run1","hypothesisId":"H2","location":"AttendanceService.java:getWorkedHoursForMonth","message":"Monthly attendance aggregation result","data":{"employeeId":"10016","inputMonth":"March","inspectedRows":152,"matchedMonthRows":0,"totalMinutes":0},"timestamp":1774343464072}
{"sessionId":"aaaf27","runId":"run1","hypothesisId":"H1","location":"PayrollProcessor.java:processPayroll","message":"Payroll month/hourly inputs","data":{"employeeId":"10016","month":"March","hourlyRate":255.8,"workedHours":0.0},"timestamp":1774343464073}
{"sessionId":"aaaf27","runId":"run1","hypothesisId":"H2","location":"AttendanceService.java:getWorkedHoursForMonth","message":"Monthly attendance aggregation result","data":{"employeeId":"10017","inputMonth":"March","inspectedRows":152,"matchedMonthRows":0,"totalMinutes":0},"timestamp":1774343464074}
{"sessionId":"aaaf27","runId":"run1","hypothesisId":"H1","location":"PayrollProcessor.java:processPayroll","message":"Payroll month/hourly inputs","data":{"employeeId":"10017","month":"March","hourlyRate":249.11,"workedHours":0.0},"timestamp":1774343464074}
{"sessionId":"aaaf27","runId":"run1","hypothesisId":"H2","location":"AttendanceService.java:getWorkedHoursForMonth","message":"Monthly attendance aggregation result","data":{"employeeId":"10018","inputMonth":"March","inspectedRows":152,"matchedMonthRows":0,"totalMinutes":0},"timestamp":1774343464076}
{"sessionId":"aaaf27","runId":"run1","hypothesisId":"H1","location":"PayrollProcessor.java:processPayroll","message":"Payroll month/hourly inputs","data":{"employeeId":"10018","month":"March","hourlyRate":133.93,"workedHours":0.0},"timestamp":1774343464076}
{"sessionId":"aaaf27","runId":"run1","hypothesisId":"H2","location":"AttendanceService.java:getWorkedHoursForMonth","message":"Monthly attendance aggregation result","data":{"employeeId":"10019","inputMonth":"March","inspectedRows":152,"matchedMonthRows":0,"totalMinutes":0},"timestamp":1774343464078}
{"sessionId":"aaaf27","runId":"run1","hypothesisId":"H1","location":"PayrollProcessor.java:processPayroll","message":"Payroll month/hourly inputs","data":{"employeeId":"10019","month":"March","hourlyRate":133.93,"workedHours":0.0},"timestamp":1774343464078}
{"sessionId":"aaaf27","runId":"run1","hypothesisId":"H2","location":"AttendanceService.java:getWorkedHoursForMonth","message":"Monthly attendance aggregation result","data":{"employeeId":"10020","inputMonth":"March","inspectedRows":152,"matchedMonthRows":0,"totalMinutes":0},"timestamp":1774343464079}
{"sessionId":"aaaf27","runId":"run1","hypothesisId":"H1","location":"PayrollProcessor.java:processPayroll","message":"Payroll month/hourly inputs","data":{"employeeId":"10020","month":"March","hourlyRate":138.39,"workedHours":0.0},"timestamp":1774343464080}
{"sessionId":"aaaf27","runId":"run1","hypothesisId":"H2","location":"AttendanceService.java:getWorkedHoursForMonth","message":"Monthly attendance aggregation result","data":{"employeeId":"10021","inputMonth":"March","inspectedRows":152,"matchedMonthRows":0,"totalMinutes":0},"timestamp":1774343464081}
{"sessionId":"aaaf27","runId":"run1","hypothesisId":"H1","location":"PayrollProcessor.java:processPayroll","message":"Payroll month/hourly inputs","data":{"employeeId":"10021","month":"March","hourlyRate":138.39,"workedHours":0.0},"timestamp":1774343464082}
{"sessionId":"aaaf27","runId":"run1","hypothesisId":"H2","location":"AttendanceService.java:getWorkedHoursForMonth","message":"Monthly attendance aggregation result","data":{"employeeId":"10022","inputMonth":"March","inspectedRows":152,"matchedMonthRows":0,"totalMinutes":0},"timestamp":1774343464084}
{"sessionId":"aaaf27","runId":"run1","hypothesisId":"H1","location":"PayrollProcessor.java:processPayroll","message":"Payroll month/hourly inputs","data":{"employeeId":"10022","month":"March","hourlyRate":142.86,"workedHours":0.0},"timestamp":1774343464084}
{"sessionId":"aaaf27","runId":"run1","hypothesisId":"H2","location":"AttendanceService.java:getWorkedHoursForMonth","message":"Monthly attendance aggregation result","data":{"employeeId":"10023","inputMonth":"March","inspectedRows":152,"matchedMonthRows":0,"totalMinutes":0},"timestamp":1774343464085}
{"sessionId":"aaaf27","runId":"run1","hypothesisId":"H1","location":"PayrollProcessor.java:processPayroll","message":"Payroll month/hourly inputs","data":{"employeeId":"10023","month":"March","hourlyRate":133.93,"workedHours":0.0},"timestamp":1774343464086}
{"sessionId":"aaaf27","runId":"run1","hypothesisId":"H2","location":"AttendanceService.java:getWorkedHoursForMonth","message":"Monthly attendance aggregation result","data":{"employeeId":"10024","inputMonth":"March","inspectedRows":152,"matchedMonthRows":0,"totalMinutes":0},"timestamp":1774343464087}
{"sessionId":"aaaf27","runId":"run1","hypothesisId":"H1","location":"PayrollProcessor.java:processPayroll","message":"Payroll month/hourly inputs","data":{"employeeId":"10024","month":"March","hourlyRate":133.93,"workedHours":0.0},"timestamp":1774343464088}
{"sessionId":"aaaf27","runId":"run1","hypothesisId":"H2","location":"AttendanceService.java:getWorkedHoursForMonth","message":"Monthly attendance aggregation result","data":{"employeeId":"10025","inputMonth":"March","inspectedRows":152,"matchedMonthRows":0,"totalMinutes":0},"timestamp":1774343464089}
{"sessionId":"aaaf27","runId":"run1","hypothesisId":"H1","location":"PayrollProcessor.java:processPayroll","message":"Payroll month/hourly inputs","data":{"employeeId":"10025","month":"March","hourlyRate":142.86,"workedHours":0.0},"timestamp":1774343464090}
{"sessionId":"aaaf27","runId":"run1","hypothesisId":"H2","location":"AttendanceService.java:getWorkedHoursForMonth","message":"Monthly attendance aggregation result","data":{"employeeId":"10026","inputMonth":"March","inspectedRows":152,"matchedMonthRows":0,"totalMinutes":0},"timestamp":1774343464091}
{"sessionId":"aaaf27","runId":"run1","hypothesisId":"H1","location":"PayrollProcessor.java:processPayroll","message":"Payroll month/hourly inputs","data":{"employeeId":"10026","month":"March","hourlyRate":147.32,"workedHours":0.0},"timestamp":1774343464091}
{"sessionId":"aaaf27","runId":"run1","hypothesisId":"H2","location":"AttendanceService.java:getWorkedHoursForMonth","message":"Monthly attendance aggregation result","data":{"employeeId":"10027","inputMonth":"March","inspectedRows":152,"matchedMonthRows":0,"totalMinutes":0},"timestamp":1774343464093}
{"sessionId":"aaaf27","runId":"run1","hypothesisId":"H1","location":"PayrollProcessor.java:processPayroll","message":"Payroll month/hourly inputs","data":{"employeeId":"10027","month":"March","hourlyRate":147.32,"workedHours":0.0},"timestamp":1774343464093}
{"sessionId":"aaaf27","runId":"run1","hypothesisId":"H2","location":"AttendanceService.java:getWorkedHoursForMonth","message":"Monthly attendance aggregation result","data":{"employeeId":"10028","inputMonth":"March","inspectedRows":152,"matchedMonthRows":0,"totalMinutes":0},"timestamp":1774343464094}
{"sessionId":"aaaf27","runId":"run1","hypothesisId":"H1","location":"PayrollProcessor.java:processPayroll","message":"Payroll month/hourly inputs","data":{"employeeId":"10028","month":"March","hourlyRate":142.86,"workedHours":0.0},"timestamp":1774343464095}
{"sessionId":"aaaf27","runId":"run1","hypothesisId":"H2","location":"AttendanceService.java:getWorkedHoursForMonth","message":"Monthly attendance aggregation result","data":{"employeeId":"10029","inputMonth":"March","inspectedRows":152,"matchedMonthRows":0,"totalMinutes":0},"timestamp":1774343464096}
{"sessionId":"aaaf27","runId":"run1","hypothesisId":"H1","location":"PayrollProcessor.java:processPayroll","message":"Payroll month/hourly inputs","data":{"employeeId":"10029","month":"March","hourlyRate":133.93,"workedHours":0.0},"timestamp":1774343464097}
{"sessionId":"aaaf27","runId":"run1","hypothesisId":"H2","location":"AttendanceService.java:getWorkedHoursForMonth","message":"Monthly attendance aggregation result","data":{"employeeId":"10030","inputMonth":"March","inspectedRows":152,"matchedMonthRows":0,"totalMinutes":0},"timestamp":1774343464098}
{"sessionId":"aaaf27","runId":"run1","hypothesisId":"H1","location":"PayrollProcessor.java:processPayroll","message":"Payroll month/hourly inputs","data":{"employeeId":"10030","month":"March","hourlyRate":133.93,"workedHours":0.0},"timestamp":1774343464099}
{"sessionId":"aaaf27","runId":"run1","hypothesisId":"H2","location":"AttendanceService.java:getWorkedHoursForMonth","message":"Monthly attendance aggregation result","data":{"employeeId":"10031","inputMonth":"March","inspectedRows":152,"matchedMonthRows":0,"totalMinutes":0},"timestamp":1774343464101}
{"sessionId":"aaaf27","runId":"run1","hypothesisId":"H1","location":"PayrollProcessor.java:processPayroll","message":"Payroll month/hourly inputs","data":{"employeeId":"10031","month":"March","hourlyRate":133.93,"workedHours":0.0},"timestamp":1774343464101}
{"sessionId":"aaaf27","runId":"run1","hypothesisId":"H2","location":"AttendanceService.java:getWorkedHoursForMonth","message":"Monthly attendance aggregation result","data":{"employeeId":"10032","inputMonth":"March","inspectedRows":152,"matchedMonthRows":0,"totalMinutes":0},"timestamp":1774343464102}
{"sessionId":"aaaf27","runId":"run1","hypothesisId":"H1","location":"PayrollProcessor.java:processPayroll","message":"Payroll month/hourly inputs","data":{"employeeId":"10032","month":"March","hourlyRate":313.51,"workedHours":0.0},"timestamp":1774343464103}
{"sessionId":"aaaf27","runId":"run1","hypothesisId":"H2","location":"AttendanceService.java:getWorkedHoursForMonth","message":"Monthly attendance aggregation result","data":{"employeeId":"10033","inputMonth":"March","inspectedRows":152,"matchedMonthRows":0,"totalMinutes":0},"timestamp":1774343464104}
{"sessionId":"aaaf27","runId":"run1","hypothesisId":"H1","location":"PayrollProcessor.java:processPayroll","message":"Payroll month/hourly inputs","data":{"employeeId":"10033","month":"March","hourlyRate":313.51,"workedHours":0.0},"timestamp":1774343464105}
{"sessionId":"aaaf27","runId":"run1","hypothesisId":"H2","location":"AttendanceService.java:getWorkedHoursForMonth","message":"Monthly attendance aggregation result","data":{"employeeId":"10034","inputMonth":"March","inspectedRows":152,"matchedMonthRows":0,"totalMinutes":0},"timestamp":1774343464106}
{"sessionId":"aaaf27","runId":"run1","hypothesisId":"H1","location":"PayrollProcessor.java:processPayroll","message":"Payroll month/hourly inputs","data":{"employeeId":"10034","month":"March","hourlyRate":313.51,"workedHours":0.0},"timestamp":1774343464107}
{"sessionId":"aaaf27","runId":"run1","hypothesisId":"H3","location":"EmployeeProfile.java:createSalaryComputationPanel","message":"Compute salary clicked","data":{"employeeId":"10002","selectedMonth":"June"},"timestamp":1774343485506}
{"sessionId":"aaaf27","runId":"run1","hypothesisId":"H2","location":"AttendanceService.java:getWorkedHoursForMonth","message":"Monthly attendance aggregation result","data":{"employeeId":"10002","inputMonth":"June","inspectedRows":152,"matchedMonthRows":20,"totalMinutes":11468},"timestamp":1774343485512}
{"sessionId":"aaaf27","runId":"run1","hypothesisId":"H1","location":"PayrollProcessor.java:processPayroll","message":"Payroll month/hourly inputs","data":{"employeeId":"10002","month":"June","hourlyRate":357.14,"workedHours":191.13333333333333},"timestamp":1774343485513}
{"sessionId":"aaaf27","runId":"run1","hypothesisId":"H3","location":"EmployeeProfile.java:createSalaryComputationPanel","message":"Compute salary clicked","data":{"employeeId":"10002","selectedMonth":"May"},"timestamp":1774343496236}
{"sessionId":"aaaf27","runId":"run1","hypothesisId":"H2","location":"AttendanceService.java:getWorkedHoursForMonth","message":"Monthly attendance aggregation result","data":{"employeeId":"10002","inputMonth":"May","inspectedRows":152,"matchedMonthRows":0,"totalMinutes":0},"timestamp":1774343496238}
{"sessionId":"aaaf27","runId":"run1","hypothesisId":"H1","location":"PayrollProcessor.java:processPayroll","message":"Payroll month/hourly inputs","data":{"employeeId":"10002","month":"May","hourlyRate":357.14,"workedHours":0.0},"timestamp":1774343496238}
{"sessionId":"aaaf27","runId":"run1","hypothesisId":"H3","location":"EmployeeProfile.java:createSalaryComputationPanel","message":"Compute salary clicked","data":{"employeeId":"10002","selectedMonth":"February"},"timestamp":1774343502649}
{"sessionId":"aaaf27","runId":"run1","hypothesisId":"H2","location":"AttendanceService.java:getWorkedHoursForMonth","message":"Monthly attendance aggregation result","data":{"employeeId":"10002","inputMonth":"February","inspectedRows":152,"matchedMonthRows":0,"totalMinutes":0},"timestamp":1774343502652}
{"sessionId":"aaaf27","runId":"run1","hypothesisId":"H1","location":"PayrollProcessor.java:processPayroll","message":"Payroll month/hourly inputs","data":{"employeeId":"10002","month":"February","hourlyRate":357.14,"workedHours":0.0},"timestamp":1774343502652}
{"sessionId":"aaaf27","runId":"run1","hypothesisId":"H3","location":"EmployeeProfile.java:createSalaryComputationPanel","message":"Compute salary clicked","data":{"employeeId":"10002","selectedMonth":"January"},"timestamp":1774343508038}
{"sessionId":"aaaf27","runId":"run1","hypothesisId":"H2","location":"AttendanceService.java:getWorkedHoursForMonth","message":"Monthly attendance aggregation result","data":{"employeeId":"10002","inputMonth":"January","inspectedRows":152,"matchedMonthRows":0,"totalMinutes":0},"timestamp":1774343508039}
{"sessionId":"aaaf27","runId":"run1","hypothesisId":"H1","location":"PayrollProcessor.java:processPayroll","message":"Payroll month/hourly inputs","data":{"employeeId":"10002","month":"January","hourlyRate":357.14,"workedHours":0.0},"timestamp":1774343508039}
{"sessionId":"aaaf27","runId":"run1","hypothesisId":"H3","location":"EmployeeProfile.java:createSalaryComputationPanel","message":"Compute salary clicked","data":{"employeeId":"10002","selectedMonth":"July"},"timestamp":1774343513046}
{"sessionId":"aaaf27","runId":"run1","hypothesisId":"H2","location":"AttendanceService.java:getWorkedHoursForMonth","message":"Monthly attendance aggregation result","data":{"employeeId":"10002","inputMonth":"July","inspectedRows":152,"matchedMonthRows":23,"totalMinutes":11768},"timestamp":1774343513047}
{"sessionId":"aaaf27","runId":"run1","hypothesisId":"H1","location":"PayrollProcessor.java:processPayroll","message":"Payroll month/hourly inputs","data":{"employeeId":"10002","month":"July","hourlyRate":357.14,"workedHours":196.13333333333333},"timestamp":1774343513048}
{"sessionId":"aaaf27","runId":"run1","hypothesisId":"H3","location":"EmployeeProfile.java:createSalaryComputationPanel","message":"Compute salary clicked","data":{"employeeId":"10002","selectedMonth":"August"},"timestamp":1774343518524}
{"sessionId":"aaaf27","runId":"run1","hypothesisId":"H2","location":"AttendanceService.java:getWorkedHoursForMonth","message":"Monthly attendance aggregation result","data":{"employeeId":"10002","inputMonth":"August","inspectedRows":152,"matchedMonthRows":22,"totalMinutes":12050},"timestamp":1774343518525}
{"sessionId":"aaaf27","runId":"run1","hypothesisId":"H1","location":"PayrollProcessor.java:processPayroll","message":"Payroll month/hourly inputs","data":{"employeeId":"10002","month":"August","hourlyRate":357.14,"workedHours":200.83333333333334},"timestamp":1774343518526}
{"sessionId":"aaaf27","runId":"run1","hypothesisId":"H3","location":"EmployeeProfile.java:createSalaryComputationPanel","message":"Compute salary clicked","data":{"employeeId":"10002","selectedMonth":"September"},"timestamp":1774343529103}
{"sessionId":"aaaf27","runId":"run1","hypothesisId":"H2","location":"AttendanceService.java:getWorkedHoursForMonth","message":"Monthly attendance aggregation result","data":{"employeeId":"10002","inputMonth":"September","inspectedRows":152,"matchedMonthRows":21,"totalMinutes":11022},"timestamp":1774343529105}
{"sessionId":"aaaf27","runId":"run1","hypothesisId":"H1","location":"PayrollProcessor.java:processPayroll","message":"Payroll month/hourly inputs","data":{"employeeId":"10002","month":"September","hourlyRate":357.14,"workedHours":183.7},"timestamp":1774343529105}
{"sessionId":"aaaf27","runId":"run1","hypothesisId":"H2","location":"AttendanceService.java:getWorkedHoursForMonth","message":"Monthly attendance aggregation result","data":{"employeeId":"10035","inputMonth":"March","inspectedRows":0,"matchedMonthRows":0,"totalMinutes":0},"timestamp":1774343565187}
{"sessionId":"aaaf27","runId":"run1","hypothesisId":"H1","location":"PayrollProcessor.java:processPayroll","message":"Payroll month/hourly inputs","data":{"employeeId":"10035","month":"March","hourlyRate":0.0,"workedHours":0.0},"timestamp":1774343565188}
{"sessionId":"aaaf27","runId":"run1","hypothesisId":"H2","location":"AttendanceService.java:getWorkedHoursForMonth","message":"Monthly attendance aggregation result","data":{"employeeId":"10036","inputMonth":"March","inspectedRows":0,"matchedMonthRows":0,"totalMinutes":0},"timestamp":1774343565189}
{"sessionId":"aaaf27","runId":"run1","hypothesisId":"H1","location":"PayrollProcessor.java:processPayroll","message":"Payroll month/hourly inputs","data":{"employeeId":"10036","month":"March","hourlyRate":0.0,"workedHours":0.0},"timestamp":1774343565189}
{"sessionId":"aaaf27","runId":"run1","hypothesisId":"H2","location":"AttendanceService.java:getWorkedHoursForMonth","message":"Monthly attendance aggregation result","data":{"employeeId":"10037","inputMonth":"March","inspectedRows":0,"matchedMonthRows":0,"totalMinutes":0},"timestamp":1774343565189}
{"sessionId":"aaaf27","runId":"run1","hypothesisId":"H1","location":"PayrollProcessor.java:processPayroll","message":"Payroll month/hourly inputs","data":{"employeeId":"10037","month":"March","hourlyRate":0.0,"workedHours":0.0},"timestamp":1774343565190}
{"sessionId":"aaaf27","runId":"run1","hypothesisId":"H2","location":"AttendanceService.java:getWorkedHoursForMonth","message":"Monthly attendance aggregation result","data":{"employeeId":"10038","inputMonth":"March","inspectedRows":0,"matchedMonthRows":0,"totalMinutes":0},"timestamp":1774343565191}
{"sessionId":"aaaf27","runId":"run1","hypothesisId":"H1","location":"PayrollProcessor.java:processPayroll","message":"Payroll month/hourly inputs","data":{"employeeId":"10038","month":"March","hourlyRate":0.0,"workedHours":0.0},"timestamp":1774343565191}
{"sessionId":"aaaf27","runId":"run1","hypothesisId":"H2","location":"AttendanceService.java:getWorkedHoursForMonth","message":"Monthly attendance aggregation result","data":{"employeeId":"10001","inputMonth":"March","inspectedRows":152,"matchedMonthRows":0,"totalMinutes":0},"timestamp":1774343565192}
{"sessionId":"aaaf27","runId":"run1","hypothesisId":"H1","location":"PayrollProcessor.java:processPayroll","message":"Payroll month/hourly inputs","data":{"employeeId":"10001","month":"March","hourlyRate":535.71,"workedHours":0.0},"timestamp":1774343565192}
{"sessionId":"aaaf27","runId":"run1","hypothesisId":"H2","location":"AttendanceService.java:getWorkedHoursForMonth","message":"Monthly attendance aggregation result","data":{"employeeId":"10002","inputMonth":"March","inspectedRows":152,"matchedMonthRows":0,"totalMinutes":0},"timestamp":1774343565193}
{"sessionId":"aaaf27","runId":"run1","hypothesisId":"H1","location":"PayrollProcessor.java:processPayroll","message":"Payroll month/hourly inputs","data":{"employeeId":"10002","month":"March","hourlyRate":357.14,"workedHours":0.0},"timestamp":1774343565193}
{"sessionId":"aaaf27","runId":"run1","hypothesisId":"H2","location":"AttendanceService.java:getWorkedHoursForMonth","message":"Monthly attendance aggregation result","data":{"employeeId":"10003","inputMonth":"March","inspectedRows":152,"matchedMonthRows":0,"totalMinutes":0},"timestamp":1774343565194}
{"sessionId":"aaaf27","runId":"run1","hypothesisId":"H1","location":"PayrollProcessor.java:processPayroll","message":"Payroll month/hourly inputs","data":{"employeeId":"10003","month":"March","hourlyRate":357.14,"workedHours":0.0},"timestamp":1774343565194}
{"sessionId":"aaaf27","runId":"run1","hypothesisId":"H2","location":"AttendanceService.java:getWorkedHoursForMonth","message":"Monthly attendance aggregation result","data":{"employeeId":"10004","inputMonth":"March","inspectedRows":152,"matchedMonthRows":0,"totalMinutes":0},"timestamp":1774343565195}
{"sessionId":"aaaf27","runId":"run1","hypothesisId":"H1","location":"PayrollProcessor.java:processPayroll","message":"Payroll month/hourly inputs","data":{"employeeId":"10004","month":"March","hourlyRate":357.14,"workedHours":0.0},"timestamp":1774343565195}
{"sessionId":"aaaf27","runId":"run1","hypothesisId":"H2","location":"AttendanceService.java:getWorkedHoursForMonth","message":"Monthly attendance aggregation result","data":{"employeeId":"10005","inputMonth":"March","inspectedRows":152,"matchedMonthRows":0,"totalMinutes":0},"timestamp":1774343565196}
{"sessionId":"aaaf27","runId":"run1","hypothesisId":"H1","location":"PayrollProcessor.java:processPayroll","message":"Payroll month/hourly inputs","data":{"employeeId":"10005","month":"March","hourlyRate":313.51,"workedHours":0.0},"timestamp":1774343565196}
{"sessionId":"aaaf27","runId":"run1","hypothesisId":"H2","location":"AttendanceService.java:getWorkedHoursForMonth","message":"Monthly attendance aggregation result","data":{"employeeId":"10006","inputMonth":"March","inspectedRows":152,"matchedMonthRows":0,"totalMinutes":0},"timestamp":1774343565197}
{"sessionId":"aaaf27","runId":"run1","hypothesisId":"H1","location":"PayrollProcessor.java:processPayroll","message":"Payroll month/hourly inputs","data":{"employeeId":"10006","month":"March","hourlyRate":313.51,"workedHours":0.0},"timestamp":1774343565197}
{"sessionId":"aaaf27","runId":"run1","hypothesisId":"H2","location":"AttendanceService.java:getWorkedHoursForMonth","message":"Monthly attendance aggregation result","data":{"employeeId":"10007","inputMonth":"March","inspectedRows":152,"matchedMonthRows":0,"totalMinutes":0},"timestamp":1774343565198}
{"sessionId":"aaaf27","runId":"run1","hypothesisId":"H1","location":"PayrollProcessor.java:processPayroll","message":"Payroll month/hourly inputs","data":{"employeeId":"10007","month":"March","hourlyRate":255.8,"workedHours":0.0},"timestamp":1774343565198}
{"sessionId":"aaaf27","runId":"run1","hypothesisId":"H2","location":"AttendanceService.java:getWorkedHoursForMonth","message":"Monthly attendance aggregation result","data":{"employeeId":"10008","inputMonth":"March","inspectedRows":152,"matchedMonthRows":0,"totalMinutes":0},"timestamp":1774343565199}
{"sessionId":"aaaf27","runId":"run1","hypothesisId":"H1","location":"PayrollProcessor.java:processPayroll","message":"Payroll month/hourly inputs","data":{"employeeId":"10008","month":"March","hourlyRate":133.93,"workedHours":0.0},"timestamp":1774343565199}
{"sessionId":"aaaf27","runId":"run1","hypothesisId":"H2","location":"AttendanceService.java:getWorkedHoursForMonth","message":"Monthly attendance aggregation result","data":{"employeeId":"10009","inputMonth":"March","inspectedRows":152,"matchedMonthRows":0,"totalMinutes":0},"timestamp":1774343565200}
{"sessionId":"aaaf27","runId":"run1","hypothesisId":"H1","location":"PayrollProcessor.java:processPayroll","message":"Payroll month/hourly inputs","data":{"employeeId":"10009","month":"March","hourlyRate":133.93,"workedHours":0.0},"timestamp":1774343565200}
{"sessionId":"aaaf27","runId":"run1","hypothesisId":"H2","location":"AttendanceService.java:getWorkedHoursForMonth","message":"Monthly attendance aggregation result","data":{"employeeId":"10010","inputMonth":"March","inspectedRows":152,"matchedMonthRows":0,"totalMinutes":0},"timestamp":1774343565201}
{"sessionId":"aaaf27","runId":"run1","hypothesisId":"H1","location":"PayrollProcessor.java:processPayroll","message":"Payroll month/hourly inputs","data":{"employeeId":"10010","month":"March","hourlyRate":313.51,"workedHours":0.0},"timestamp":1774343565201}
{"sessionId":"aaaf27","runId":"run1","hypothesisId":"H2","location":"AttendanceService.java:getWorkedHoursForMonth","message":"Monthly attendance aggregation result","data":{"employeeId":"10011","inputMonth":"March","inspectedRows":152,"matchedMonthRows":0,"totalMinutes":0},"timestamp":1774343565202}
{"sessionId":"aaaf27","runId":"run1","hypothesisId":"H1","location":"PayrollProcessor.java:processPayroll","message":"Payroll month/hourly inputs","data":{"employeeId":"10011","month":"March","hourlyRate":302.53,"workedHours":0.0},"timestamp":1774343565203}
{"sessionId":"aaaf27","runId":"run1","hypothesisId":"H2","location":"AttendanceService.java:getWorkedHoursForMonth","message":"Monthly attendance aggregation result","data":{"employeeId":"10012","inputMonth":"March","inspectedRows":152,"matchedMonthRows":0,"totalMinutes":0},"timestamp":1774343565203}
{"sessionId":"aaaf27","runId":"run1","hypothesisId":"H1","location":"PayrollProcessor.java:processPayroll","message":"Payroll month/hourly inputs","data":{"employeeId":"10012","month":"March","hourlyRate":229.02,"workedHours":0.0},"timestamp":1774343565204}
{"sessionId":"aaaf27","runId":"run1","hypothesisId":"H2","location":"AttendanceService.java:getWorkedHoursForMonth","message":"Monthly attendance aggregation result","data":{"employeeId":"10013","inputMonth":"March","inspectedRows":152,"matchedMonthRows":0,"totalMinutes":0},"timestamp":1774343565205}
{"sessionId":"aaaf27","runId":"run1","hypothesisId":"H1","location":"PayrollProcessor.java:processPayroll","message":"Payroll month/hourly inputs","data":{"employeeId":"10013","month":"March","hourlyRate":142.86,"workedHours":0.0},"timestamp":1774343565205}
{"sessionId":"aaaf27","runId":"run1","hypothesisId":"H2","location":"AttendanceService.java:getWorkedHoursForMonth","message":"Monthly attendance aggregation result","data":{"employeeId":"10014","inputMonth":"March","inspectedRows":152,"matchedMonthRows":0,"totalMinutes":0},"timestamp":1774343565206}
{"sessionId":"aaaf27","runId":"run1","hypothesisId":"H1","location":"PayrollProcessor.java:processPayroll","message":"Payroll month/hourly inputs","data":{"employeeId":"10014","month":"March","hourlyRate":142.86,"workedHours":0.0},"timestamp":1774343565206}
{"sessionId":"aaaf27","runId":"run1","hypothesisId":"H2","location":"AttendanceService.java:getWorkedHoursForMonth","message":"Monthly attendance aggregation result","data":{"employeeId":"10015","inputMonth":"March","inspectedRows":152,"matchedMonthRows":0,"totalMinutes":0},"timestamp":1774343565207}
{"sessionId":"aaaf27","runId":"run1","hypothesisId":"H1","location":"PayrollProcessor.java:processPayroll","message":"Payroll month/hourly inputs","data":{"employeeId":"10015","month":"March","hourlyRate":318.45,"workedHours":0.0},"timestamp":1774343565207}
{"sessionId":"aaaf27","runId":"run1","hypothesisId":"H2","location":"AttendanceService.java:getWorkedHoursForMonth","message":"Monthly attendance aggregation result","data":{"employeeId":"10016","inputMonth":"March","inspectedRows":152,"matchedMonthRows":0,"totalMinutes":0},"timestamp":1774343565208}
{"sessionId":"aaaf27","runId":"run1","hypothesisId":"H1","location":"PayrollProcessor.java:processPayroll","message":"Payroll month/hourly inputs","data":{"employeeId":"10016","month":"March","hourlyRate":255.8,"workedHours":0.0},"timestamp":1774343565208}
{"sessionId":"aaaf27","runId":"run1","hypothesisId":"H2","location":"AttendanceService.java:getWorkedHoursForMonth","message":"Monthly attendance aggregation result","data":{"employeeId":"10017","inputMonth":"March","inspectedRows":152,"matchedMonthRows":0,"totalMinutes":0},"timestamp":1774343565209}
{"sessionId":"aaaf27","runId":"run1","hypothesisId":"H1","location":"PayrollProcessor.java:processPayroll","message":"Payroll month/hourly inputs","data":{"employeeId":"10017","month":"March","hourlyRate":249.11,"workedHours":0.0},"timestamp":1774343565210}
{"sessionId":"aaaf27","runId":"run1","hypothesisId":"H2","location":"AttendanceService.java:getWorkedHoursForMonth","message":"Monthly attendance aggregation result","data":{"employeeId":"10018","inputMonth":"March","inspectedRows":152,"matchedMonthRows":0,"totalMinutes":0},"timestamp":1774343565210}
{"sessionId":"aaaf27","runId":"run1","hypothesisId":"H1","location":"PayrollProcessor.java:processPayroll","message":"Payroll month/hourly inputs","data":{"employeeId":"10018","month":"March","hourlyRate":133.93,"workedHours":0.0},"timestamp":1774343565210}
{"sessionId":"aaaf27","runId":"run1","hypothesisId":"H2","location":"AttendanceService.java:getWorkedHoursForMonth","message":"Monthly attendance aggregation result","data":{"employeeId":"10019","inputMonth":"March","inspectedRows":152,"matchedMonthRows":0,"totalMinutes":0},"timestamp":1774343565211}
{"sessionId":"aaaf27","runId":"run1","hypothesisId":"H1","location":"PayrollProcessor.java:processPayroll","message":"Payroll month/hourly inputs","data":{"employeeId":"10019","month":"March","hourlyRate":133.93,"workedHours":0.0},"timestamp":1774343565211}
{"sessionId":"aaaf27","runId":"run1","hypothesisId":"H2","location":"AttendanceService.java:getWorkedHoursForMonth","message":"Monthly attendance aggregation result","data":{"employeeId":"10020","inputMonth":"March","inspectedRows":152,"matchedMonthRows":0,"totalMinutes":0},"timestamp":1774343565212}
{"sessionId":"aaaf27","runId":"run1","hypothesisId":"H1","location":"PayrollProcessor.java:processPayroll","message":"Payroll month/hourly inputs","data":{"employeeId":"10020","month":"March","hourlyRate":138.39,"workedHours":0.0},"timestamp":1774343565213}
{"sessionId":"aaaf27","runId":"run1","hypothesisId":"H2","location":"AttendanceService.java:getWorkedHoursForMonth","message":"Monthly attendance aggregation result","data":{"employeeId":"10021","inputMonth":"March","inspectedRows":152,"matchedMonthRows":0,"totalMinutes":0},"timestamp":1774343565213}
{"sessionId":"aaaf27","runId":"run1","hypothesisId":"H1","location":"PayrollProcessor.java:processPayroll","message":"Payroll month/hourly inputs","data":{"employeeId":"10021","month":"March","hourlyRate":138.39,"workedHours":0.0},"timestamp":1774343565214}
{"sessionId":"aaaf27","runId":"run1","hypothesisId":"H2","location":"AttendanceService.java:getWorkedHoursForMonth","message":"Monthly attendance aggregation result","data":{"employeeId":"10022","inputMonth":"March","inspectedRows":152,"matchedMonthRows":0,"totalMinutes":0},"timestamp":1774343565215}
{"sessionId":"aaaf27","runId":"run1","hypothesisId":"H1","location":"PayrollProcessor.java:processPayroll","message":"Payroll month/hourly inputs","data":{"employeeId":"10022","month":"March","hourlyRate":142.86,"workedHours":0.0},"timestamp":1774343565215}
{"sessionId":"aaaf27","runId":"run1","hypothesisId":"H2","location":"AttendanceService.java:getWorkedHoursForMonth","message":"Monthly attendance aggregation result","data":{"employeeId":"10023","inputMonth":"March","inspectedRows":152,"matchedMonthRows":0,"totalMinutes":0},"timestamp":1774343565216}
{"sessionId":"aaaf27","runId":"run1","hypothesisId":"H1","location":"PayrollProcessor.java:processPayroll","message":"Payroll month/hourly inputs","data":{"employeeId":"10023","month":"March","hourlyRate":133.93,"workedHours":0.0},"timestamp":1774343565216}
{"sessionId":"aaaf27","runId":"run1","hypothesisId":"H2","location":"AttendanceService.java:getWorkedHoursForMonth","message":"Monthly attendance aggregation result","data":{"employeeId":"10024","inputMonth":"March","inspectedRows":152,"matchedMonthRows":0,"totalMinutes":0},"timestamp":1774343565217}
{"sessionId":"aaaf27","runId":"run1","hypothesisId":"H1","location":"PayrollProcessor.java:processPayroll","message":"Payroll month/hourly inputs","data":{"employeeId":"10024","month":"March","hourlyRate":133.93,"workedHours":0.0},"timestamp":1774343565217}
{"sessionId":"aaaf27","runId":"run1","hypothesisId":"H2","location":"AttendanceService.java:getWorkedHoursForMonth","message":"Monthly attendance aggregation result","data":{"employeeId":"10025","inputMonth":"March","inspectedRows":152,"matchedMonthRows":0,"totalMinutes":0},"timestamp":1774343565218}
{"sessionId":"aaaf27","runId":"run1","hypothesisId":"H1","location":"PayrollProcessor.java:processPayroll","message":"Payroll month/hourly inputs","data":{"employeeId":"10025","month":"March","hourlyRate":142.86,"workedHours":0.0},"timestamp":1774343565218}
{"sessionId":"aaaf27","runId":"run1","hypothesisId":"H2","location":"AttendanceService.java:getWorkedHoursForMonth","message":"Monthly attendance aggregation result","data":{"employeeId":"10026","inputMonth":"March","inspectedRows":152,"matchedMonthRows":0,"totalMinutes":0},"timestamp":1774343565219}
{"sessionId":"aaaf27","runId":"run1","hypothesisId":"H1","location":"PayrollProcessor.java:processPayroll","message":"Payroll month/hourly inputs","data":{"employeeId":"10026","month":"March","hourlyRate":147.32,"workedHours":0.0},"timestamp":1774343565219}
{"sessionId":"aaaf27","runId":"run1","hypothesisId":"H2","location":"AttendanceService.java:getWorkedHoursForMonth","message":"Monthly attendance aggregation result","data":{"employeeId":"10027","inputMonth":"March","inspectedRows":152,"matchedMonthRows":0,"totalMinutes":0},"timestamp":1774343565220}
{"sessionId":"aaaf27","runId":"run1","hypothesisId":"H1","location":"PayrollProcessor.java:processPayroll","message":"Payroll month/hourly inputs","data":{"employeeId":"10027","month":"March","hourlyRate":147.32,"workedHours":0.0},"timestamp":1774343565220}
{"sessionId":"aaaf27","runId":"run1","hypothesisId":"H2","location":"AttendanceService.java:getWorkedHoursForMonth","message":"Monthly attendance aggregation result","data":{"employeeId":"10028","inputMonth":"March","inspectedRows":152,"matchedMonthRows":0,"totalMinutes":0},"timestamp":1774343565221}
{"sessionId":"aaaf27","runId":"run1","hypothesisId":"H1","location":"PayrollProcessor.java:processPayroll","message":"Payroll month/hourly inputs","data":{"employeeId":"10028","month":"March","hourlyRate":142.86,"workedHours":0.0},"timestamp":1774343565221}
{"sessionId":"aaaf27","runId":"run1","hypothesisId":"H2","location":"AttendanceService.java:getWorkedHoursForMonth","message":"Monthly attendance aggregation result","data":{"employeeId":"10029","inputMonth":"March","inspectedRows":152,"matchedMonthRows":0,"totalMinutes":0},"timestamp":1774343565222}
{"sessionId":"aaaf27","runId":"run1","hypothesisId":"H1","location":"PayrollProcessor.java:processPayroll","message":"Payroll month/hourly inputs","data":{"employeeId":"10029","month":"March","hourlyRate":133.93,"workedHours":0.0},"timestamp":1774343565222}
{"sessionId":"aaaf27","runId":"run1","hypothesisId":"H2","location":"AttendanceService.java:getWorkedHoursForMonth","message":"Monthly attendance aggregation result","data":{"employeeId":"10030","inputMonth":"March","inspectedRows":152,"matchedMonthRows":0,"totalMinutes":0},"timestamp":1774343565223}
{"sessionId":"aaaf27","runId":"run1","hypothesisId":"H1","location":"PayrollProcessor.java:processPayroll","message":"Payroll month/hourly inputs","data":{"employeeId":"10030","month":"March","hourlyRate":133.93,"workedHours":0.0},"timestamp":1774343565224}
{"sessionId":"aaaf27","runId":"run1","hypothesisId":"H2","location":"AttendanceService.java:getWorkedHoursForMonth","message":"Monthly attendance aggregation result","data":{"employeeId":"10031","inputMonth":"March","inspectedRows":152,"matchedMonthRows":0,"totalMinutes":0},"timestamp":1774343565224}
{"sessionId":"aaaf27","runId":"run1","hypothesisId":"H1","location":"PayrollProcessor.java:processPayroll","message":"Payroll month/hourly inputs","data":{"employeeId":"10031","month":"March","hourlyRate":133.93,"workedHours":0.0},"timestamp":1774343565225}
{"sessionId":"aaaf27","runId":"run1","hypothesisId":"H2","location":"AttendanceService.java:getWorkedHoursForMonth","message":"Monthly attendance aggregation result","data":{"employeeId":"10032","inputMonth":"March","inspectedRows":152,"matchedMonthRows":0,"totalMinutes":0},"timestamp":1774343565225}
{"sessionId":"aaaf27","runId":"run1","hypothesisId":"H1","location":"PayrollProcessor.java:processPayroll","message":"Payroll month/hourly inputs","data":{"employeeId":"10032","month":"March","hourlyRate":313.51,"workedHours":0.0},"timestamp":1774343565226}
{"sessionId":"aaaf27","runId":"run1","hypothesisId":"H2","location":"AttendanceService.java:getWorkedHoursForMonth","message":"Monthly attendance aggregation result","data":{"employeeId":"10033","inputMonth":"March","inspectedRows":152,"matchedMonthRows":0,"totalMinutes":0},"timestamp":1774343565226}
{"sessionId":"aaaf27","runId":"run1","hypothesisId":"H1","location":"PayrollProcessor.java:processPayroll","message":"Payroll month/hourly inputs","data":{"employeeId":"10033","month":"March","hourlyRate":313.51,"workedHours":0.0},"timestamp":1774343565227}
{"sessionId":"aaaf27","runId":"run1","hypothesisId":"H2","location":"AttendanceService.java:getWorkedHoursForMonth","message":"Monthly attendance aggregation result","data":{"employeeId":"10034","inputMonth":"March","inspectedRows":152,"matchedMonthRows":0,"totalMinutes":0},"timestamp":1774343565228}
{"sessionId":"aaaf27","runId":"run1","hypothesisId":"H1","location":"PayrollProcessor.java:processPayroll","message":"Payroll month/hourly inputs","data":{"employeeId":"10034","month":"March","hourlyRate":313.51,"workedHours":0.0},"timestamp":1774343565228}
