{"sessionId":"5a2820","location":"AttendanceScreen.handleRecordAttendance","message":"timeFields","data":{"timeIn":"08:00","timeOut":"17:00","timeInLen":5,"timeOutLen":5,"rawInLen":5,"rawOutLen":5},"timestamp":1773024819383,"hypothesisId":"H2"}
{"sessionId":"5a2820","location":"AttendanceScreen.parseTimeToMinutes","message":"parseTime","data":{"timeStr":"08:00","patternMatches":true},"timestamp":1773024819386,"hypothesisId":"H1"}
{"sessionId":"5a2820","location":"AttendanceScreen.parseTimeToMinutes","message":"parseResult","data":{"result":480},"timestamp":1773024819387,"hypothesisId":"H5"}
{"sessionId":"5a2820","location":"AttendanceScreen.parseTimeToMinutes","message":"parseTime","data":{"timeStr":"17:00","patternMatches":true},"timestamp":1773024819391,"hypothesisId":"H1"}
{"sessionId":"5a2820","location":"AttendanceScreen.parseTimeToMinutes","message":"parseResult","data":{"result":1020},"timestamp":1773024819391,"hypothesisId":"H5"}
{"sessionId":"5a2820","location":"AttendanceScreen.handleRecordAttendance","message":"minutes","data":{"inMinutes":480,"outMinutes":1020},"timestamp":1773024819391,"hypothesisId":"H3"}
{"sessionId":"5a2820","location":"AttendanceScreen.handleRecordAttendance","message":"timeFields","data":{"timeIn":"18:00","timeOut":"17:00","timeInLen":5,"timeOutLen":5,"rawInLen":5,"rawOutLen":5},"timestamp":1773024828827,"hypothesisId":"H2"}
{"sessionId":"5a2820","location":"AttendanceScreen.handleRecordAttendance","message":"timeFields","data":{"timeIn":"18:00","timeOut":"17:00","timeInLen":5,"timeOutLen":5,"rawInLen":5,"rawOutLen":5},"timestamp":1773024833392,"hypothesisId":"H2"}
{"sessionId":"5a2820","location":"AttendanceScreen.parseTimeToMinutes","message":"parseTime","data":{"timeStr":"18:00","patternMatches":true},"timestamp":1773024833392,"hypothesisId":"H1"}
{"sessionId":"5a2820","location":"AttendanceScreen.parseTimeToMinutes","message":"parseResult","data":{"result":1080},"timestamp":1773024833393,"hypothesisId":"H5"}
{"sessionId":"5a2820","location":"AttendanceScreen.parseTimeToMinutes","message":"parseTime","data":{"timeStr":"17:00","patternMatches":true},"timestamp":1773024833393,"hypothesisId":"H1"}
{"sessionId":"5a2820","location":"AttendanceScreen.parseTimeToMinutes","message":"parseResult","data":{"result":1020},"timestamp":1773024833394,"hypothesisId":"H5"}
{"sessionId":"5a2820","location":"AttendanceScreen.handleRecordAttendance","message":"minutes","data":{"inMinutes":1080,"outMinutes":1020},"timestamp":1773024833394,"hypothesisId":"H3"}
{"sessionId":"5a2820","location":"AttendanceScreen.handleRecordAttendance","message":"timeFields","data":{"timeIn":"","timeOut":"","timeInLen":0,"timeOutLen":0,"rawInLen":0,"rawOutLen":0},"timestamp":1773024848262,"hypothesisId":"H2"}
{"sessionId":"5a2820","location":"AttendanceScreen.handleRecordAttendance","message":"timeFields","data":{"timeIn":"018:00","timeOut":"17:00","timeInLen":6,"timeOutLen":5,"rawInLen":6,"rawOutLen":5},"timestamp":1773024858455,"hypothesisId":"H2"}
{"sessionId":"5a2820","location":"AttendanceScreen.parseTimeToMinutes","message":"parseTime","data":{"timeStr":"018:00","patternMatches":false},"timestamp":1773024858456,"hypothesisId":"H1"}
{"sessionId":"5a2820","location":"AttendanceScreen.parseTimeToMinutes","message":"parseTime","data":{"timeStr":"17:00","patternMatches":true},"timestamp":1773024858457,"hypothesisId":"H1"}
{"sessionId":"5a2820","location":"AttendanceScreen.parseTimeToMinutes","message":"parseResult","data":{"result":1020},"timestamp":1773024858457,"hypothesisId":"H5"}
{"sessionId":"5a2820","location":"AttendanceScreen.handleRecordAttendance","message":"minutes","data":{"inMinutes":-1,"outMinutes":1020},"timestamp":1773024858458,"hypothesisId":"H3"}
{"sessionId":"5a2820","location":"AttendanceScreen.handleRecordAttendance","message":"timeFields","data":{"timeIn":"18:00","timeOut":"17:00","timeInLen":5,"timeOutLen":5,"rawInLen":5,"rawOutLen":5},"timestamp":1773024861777,"hypothesisId":"H2"}
{"sessionId":"5a2820","location":"AttendanceScreen.parseTimeToMinutes","message":"parseTime","data":{"timeStr":"18:00","patternMatches":true},"timestamp":1773024861778,"hypothesisId":"H1"}
{"sessionId":"5a2820","location":"AttendanceScreen.parseTimeToMinutes","message":"parseResult","data":{"result":1080},"timestamp":1773024861778,"hypothesisId":"H5"}
{"sessionId":"5a2820","location":"AttendanceScreen.parseTimeToMinutes","message":"parseTime","data":{"timeStr":"17:00","patternMatches":true},"timestamp":1773024861779,"hypothesisId":"H1"}
{"sessionId":"5a2820","location":"AttendanceScreen.parseTimeToMinutes","message":"parseResult","data":{"result":1020},"timestamp":1773024861779,"hypothesisId":"H5"}
{"sessionId":"5a2820","location":"AttendanceScreen.handleRecordAttendance","message":"minutes","data":{"inMinutes":1080,"outMinutes":1020},"timestamp":1773024861780,"hypothesisId":"H3"}
{"sessionId":"5a2820","location":"AttendanceScreen.handleRecordAttendance","message":"timeFields","data":{"timeIn":"15:00","timeOut":"17:00","timeInLen":5,"timeOutLen":5,"rawInLen":5,"rawOutLen":5},"timestamp":1773024866615,"hypothesisId":"H2"}
{"sessionId":"5a2820","location":"AttendanceScreen.parseTimeToMinutes","message":"parseTime","data":{"timeStr":"15:00","patternMatches":true},"timestamp":1773024866616,"hypothesisId":"H1"}
{"sessionId":"5a2820","location":"AttendanceScreen.parseTimeToMinutes","message":"parseResult","data":{"result":900},"timestamp":1773024866616,"hypothesisId":"H5"}
{"sessionId":"5a2820","location":"AttendanceScreen.parseTimeToMinutes","message":"parseTime","data":{"timeStr":"17:00","patternMatches":true},"timestamp":1773024866617,"hypothesisId":"H1"}
{"sessionId":"5a2820","location":"AttendanceScreen.parseTimeToMinutes","message":"parseResult","data":{"result":1020},"timestamp":1773024866617,"hypothesisId":"H5"}
{"sessionId":"5a2820","location":"AttendanceScreen.handleRecordAttendance","message":"minutes","data":{"inMinutes":900,"outMinutes":1020},"timestamp":1773024866618,"hypothesisId":"H3"}
{"sessionId":"5a2820","location":"AttendanceScreen.handleRecordAttendance","message":"timeFields","data":{"timeIn":"15:00","timeOut":"17:00","timeInLen":5,"timeOutLen":5,"rawInLen":5,"rawOutLen":5},"timestamp":1773024873214,"hypothesisId":"H2"}
{"sessionId":"5a2820","location":"AttendanceScreen.parseTimeToMinutes","message":"parseTime","data":{"timeStr":"15:00","patternMatches":true},"timestamp":1773024873215,"hypothesisId":"H1"}
{"sessionId":"5a2820","location":"AttendanceScreen.parseTimeToMinutes","message":"parseResult","data":{"result":900},"timestamp":1773024873215,"hypothesisId":"H5"}
{"sessionId":"5a2820","location":"AttendanceScreen.parseTimeToMinutes","message":"parseTime","data":{"timeStr":"17:00","patternMatches":true},"timestamp":1773024873215,"hypothesisId":"H1"}
{"sessionId":"5a2820","location":"AttendanceScreen.parseTimeToMinutes","message":"parseResult","data":{"result":1020},"timestamp":1773024873215,"hypothesisId":"H5"}
{"sessionId":"5a2820","location":"AttendanceScreen.handleRecordAttendance","message":"minutes","data":{"inMinutes":900,"outMinutes":1020},"timestamp":1773024873216,"hypothesisId":"H3"}
{"sessionId":"5a2820","location":"AttendanceScreen.handleRecordAttendance","message":"timeFields","data":{"timeIn":"08:00","timeOut":"17:00","timeInLen":5,"timeOutLen":5,"rawInLen":5,"rawOutLen":5},"timestamp":1773024895206,"hypothesisId":"H2"}
{"sessionId":"5a2820","location":"AttendanceScreen.parseTimeToMinutes","message":"parseTime","data":{"timeStr":"08:00","patternMatches":true},"timestamp":1773024895206,"hypothesisId":"H1"}
{"sessionId":"5a2820","location":"AttendanceScreen.parseTimeToMinutes","message":"parseResult","data":{"result":480},"timestamp":1773024895207,"hypothesisId":"H5"}
{"sessionId":"5a2820","location":"AttendanceScreen.parseTimeToMinutes","message":"parseTime","data":{"timeStr":"17:00","patternMatches":true},"timestamp":1773024895207,"hypothesisId":"H1"}
{"sessionId":"5a2820","location":"AttendanceScreen.parseTimeToMinutes","message":"parseResult","data":{"result":1020},"timestamp":1773024895207,"hypothesisId":"H5"}
{"sessionId":"5a2820","location":"AttendanceScreen.handleRecordAttendance","message":"minutes","data":{"inMinutes":480,"outMinutes":1020},"timestamp":1773024895208,"hypothesisId":"H3"}
{"sessionId":"5a2820","location":"AttendanceScreen.handleRecordAttendance","message":"timeFields","data":{"timeIn":"08:00","timeOut":"17:00","timeInLen":5,"timeOutLen":5,"rawInLen":5,"rawOutLen":5},"timestamp":1773024896590,"hypothesisId":"H2"}
{"sessionId":"5a2820","location":"AttendanceScreen.parseTimeToMinutes","message":"parseTime","data":{"timeStr":"08:00","patternMatches":true},"timestamp":1773024896591,"hypothesisId":"H1"}
{"sessionId":"5a2820","location":"AttendanceScreen.parseTimeToMinutes","message":"parseResult","data":{"result":480},"timestamp":1773024896591,"hypothesisId":"H5"}
{"sessionId":"5a2820","location":"AttendanceScreen.parseTimeToMinutes","message":"parseTime","data":{"timeStr":"17:00","patternMatches":true},"timestamp":1773024896591,"hypothesisId":"H1"}
{"sessionId":"5a2820","location":"AttendanceScreen.parseTimeToMinutes","message":"parseResult","data":{"result":1020},"timestamp":1773024896592,"hypothesisId":"H5"}
{"sessionId":"5a2820","location":"AttendanceScreen.handleRecordAttendance","message":"minutes","data":{"inMinutes":480,"outMinutes":1020},"timestamp":1773024896592,"hypothesisId":"H3"}
{"sessionId":"5a2820","location":"AttendanceScreen.handleRecordAttendance","message":"timeFields","data":{"timeIn":"08:00","timeOut":"17:00","timeInLen":5,"timeOutLen":5,"rawInLen":5,"rawOutLen":5},"timestamp":1773024902063,"hypothesisId":"H2"}
{"sessionId":"5a2820","location":"AttendanceScreen.parseTimeToMinutes","message":"parseTime","data":{"timeStr":"08:00","patternMatches":true},"timestamp":1773024902064,"hypothesisId":"H1"}
{"sessionId":"5a2820","location":"AttendanceScreen.parseTimeToMinutes","message":"parseResult","data":{"result":480},"timestamp":1773024902064,"hypothesisId":"H5"}
{"sessionId":"5a2820","location":"AttendanceScreen.parseTimeToMinutes","message":"parseTime","data":{"timeStr":"17:00","patternMatches":true},"timestamp":1773024902064,"hypothesisId":"H1"}
{"sessionId":"5a2820","location":"AttendanceScreen.parseTimeToMinutes","message":"parseResult","data":{"result":1020},"timestamp":1773024902065,"hypothesisId":"H5"}
{"sessionId":"5a2820","location":"AttendanceScreen.handleRecordAttendance","message":"minutes","data":{"inMinutes":480,"outMinutes":1020},"timestamp":1773024902065,"hypothesisId":"H3"}
